This is pdfTeX, Version 3.141592653-2.6-1.40.22 (TeX Live 2022/dev/Debian) (preloaded format=pdflatex 2024.3.15)  25 JUL 2024 12:43
entering extended mode
 restricted \write18 enabled.
 %&-line parsing enabled.
**diff.tex
(./diff.tex
LaTeX2e <2021-11-15> patch level 1
L3 programming layer <2022-01-21> (./aa.cls
Document Class: aa 2016/09/01{} v9.1{} Class for AA journal
(/usr/share/texlive/texmf-dist/tex/latex/base/article.cls
Document Class: article 2021/10/04 v1.4n Standard LaTeX document class
(/usr/share/texlive/texmf-dist/tex/latex/base/fleqn.clo
File: fleqn.clo 2016/12/29 v1.2b Standard LaTeX option (flush left equations)
\mathindent=\skip47
Applying: [2015/01/01] Make \[ robust on input line 50.
LaTeX Info: Redefining \[ on input line 51.
Already applied: [0000/00/00] Make \[ robust on input line 62.
Applying: [2015/01/01] Make \] robust on input line 74.
LaTeX Info: Redefining \] on input line 75.
Already applied: [0000/00/00] Make \] robust on input line 83.
)
(/usr/share/texlive/texmf-dist/tex/latex/base/size10.clo
File: size10.clo 2021/10/04 v1.4n Standard LaTeX file (size option)
)
\c@part=\count185
\c@section=\count186
\c@subsection=\count187
\c@subsubsection=\count188
\c@paragraph=\count189
\c@subparagraph=\count190
\c@figure=\count191
\c@table=\count192
\abovecaptionskip=\skip48
\belowcaptionskip=\skip49
\bibindent=\dimen138
)
\aa@fullwidth=\skip50
\aa@fullheight=\skip51

(/usr/share/texlive/texmf-dist/tex/latex/tools/calc.sty
Package: calc 2017/05/25 v4.3 Infix arithmetic (KKT,FJ)
\calc@Acount=\count193
\calc@Bcount=\count194
\calc@Adimen=\dimen139
\calc@Bdimen=\dimen140
\calc@Askip=\skip52
\calc@Bskip=\skip53
LaTeX Info: Redefining \setlength on input line 80.
LaTeX Info: Redefining \addtolength on input line 81.
\calc@Ccount=\count195
\calc@Cskip=\skip54
)
(/usr/share/texlive/texmf-dist/tex/latex/etex-pkg/etex.sty
Package: etex 2016/08/01 v2.7 eTeX basic definition package (PEB,DPC)
\et@xins=\count196
)
(/usr/share/texlive/texmf-dist/tex/latex/base/fontenc.sty
Package: fontenc 2021/04/29 v2.0v Standard LaTeX package
)
(/usr/share/texlive/texmf-dist/tex/latex/base/inputenc.sty
Package: inputenc 2021/02/14 v1.3d Input encoding file
\inpenc@prehook=\toks16
\inpenc@posthook=\toks17
)
(/usr/share/texlive/texmf-dist/tex/latex/geometry/geometry.sty
Package: geometry 2020/01/02 v5.9 Page Geometry

(/usr/share/texlive/texmf-dist/tex/latex/graphics/keyval.sty
Package: keyval 2014/10/28 v1.15 key=value parser (DPC)
\KV@toks@=\toks18
)
(/usr/share/texlive/texmf-dist/tex/generic/iftex/ifvtex.sty
Package: ifvtex 2019/10/25 v1.7 ifvtex legacy package. Use iftex instead.

(/usr/share/texlive/texmf-dist/tex/generic/iftex/iftex.sty
Package: iftex 2020/03/06 v1.0d TeX engine tests
))
\Gm@cnth=\count197
\Gm@cntv=\count198
\c@Gm@tempcnt=\count199
\Gm@bindingoffset=\dimen141
\Gm@wd@mp=\dimen142
\Gm@odd@mp=\dimen143
\Gm@even@mp=\dimen144
\Gm@layoutwidth=\dimen145
\Gm@layoutheight=\dimen146
\Gm@layouthoffset=\dimen147
\Gm@layoutvoffset=\dimen148
\Gm@dimlist=\toks19
)
(/usr/share/texlive/texmf-dist/tex/latex/setspace/setspace.sty
Package: setspace 2011/12/19 v6.7a set line spacing
)
(/usr/share/texlive/texmf-dist/tex/latex/fancyhdr/fancyhdr.sty
Package: fancyhdr 2021/01/28 v4.0.1 Extensive control of page headers and foote
rs
\f@nch@headwidth=\skip55
\f@nch@O@elh=\skip56
\f@nch@O@erh=\skip57
\f@nch@O@olh=\skip58
\f@nch@O@orh=\skip59
\f@nch@O@elf=\skip60
\f@nch@O@erf=\skip61
\f@nch@O@olf=\skip62
\f@nch@O@orf=\skip63
)
(/usr/share/texlive/texmf-dist/tex/latex/sttools/cuted.sty
Package: cuted 2021/10/04 v2.0 Mixing onecolumn and twocolumn modes
\At@ViperColsBreak=\toks20
\preCutedStrip=\toks21
\postCutedStrip=\toks22
\cuted@@tempbox@a=\box50
\cuted@@tempbox@c=\box51
\cuted@@tempbox@var=\box52
\hold@viper=\box53
\@viper=\box54
\cuted@@varbox@a=\box55
\cuted@@varbox@c=\box56
\cuted@@tempdim@spread=\dimen149
\cuted@@tempdim@a=\dimen150
\cuted@@tempdim@b=\dimen151
\ht@hold@viper=\dimen152
\ht@viper=\dimen153
\var@@pagediscards@ht=\dimen154
\stripsep=\skip64
Normal \count register pool exhausted, switching to extended pool.
\viper@penalty=\count277
)
(/usr/share/texlive/texmf-dist/tex/latex/amsmath/amsmath.sty
Package: amsmath 2021/10/15 v2.17l AMS math features
\@mathmargin=\skip65

For additional information on amsmath, use the `?' option.
(/usr/share/texlive/texmf-dist/tex/latex/amsmath/amstext.sty
Package: amstext 2021/08/26 v2.01 AMS text

(/usr/share/texlive/texmf-dist/tex/latex/amsmath/amsgen.sty
File: amsgen.sty 1999/11/30 v2.0 generic functions
\@emptytoks=\toks23
\ex@=\dimen155
))
(/usr/share/texlive/texmf-dist/tex/latex/amsmath/amsbsy.sty
Package: amsbsy 1999/11/29 v1.2d Bold Symbols
\pmbraise@=\dimen156
)
(/usr/share/texlive/texmf-dist/tex/latex/amsmath/amsopn.sty
Package: amsopn 2021/08/26 v2.02 operator names
)
\inf@bad=\count278
LaTeX Info: Redefining \frac on input line 234.
\uproot@=\count279
\leftroot@=\count280
LaTeX Info: Redefining \overline on input line 399.
\classnum@=\count281
\DOTSCASE@=\count282
LaTeX Info: Redefining \ldots on input line 496.
LaTeX Info: Redefining \dots on input line 499.
LaTeX Info: Redefining \cdots on input line 620.
\Mathstrutbox@=\box57
\strutbox@=\box58
\big@size=\dimen157
LaTeX Font Info:    Redeclaring font encoding OML on input line 743.
LaTeX Font Info:    Redeclaring font encoding OMS on input line 744.
\macc@depth=\count283
\c@MaxMatrixCols=\count284
\dotsspace@=\muskip16
\c@parentequation=\count285
\dspbrk@lvl=\count286
\tag@help=\toks24
\row@=\count287
\column@=\count288
\maxfields@=\count289
\andhelp@=\toks25
\eqnshift@=\dimen158
\alignsep@=\dimen159
\tagshift@=\dimen160
\tagwidth@=\dimen161
\totwidth@=\dimen162
\lineht@=\dimen163
\@envbody=\toks26
\multlinegap=\skip66
\multlinetaggap=\skip67
\mathdisplay@stack=\toks27
LaTeX Info: Redefining \[ on input line 2938.
LaTeX Info: Redefining \] on input line 2939.
)
(/usr/share/texlive/texmf-dist/tex/latex/amsfonts/amssymb.sty
Package: amssymb 2013/01/14 v3.01 AMS font symbols

(/usr/share/texlive/texmf-dist/tex/latex/amsfonts/amsfonts.sty
Package: amsfonts 2013/01/14 v3.01 Basic AMSFonts support
\symAMSa=\mathgroup4
\symAMSb=\mathgroup5
LaTeX Font Info:    Redeclaring math symbol \hbar on input line 98.
LaTeX Font Info:    Overwriting math alphabet `\mathfrak' in version `bold'
(Font)                  U/euf/m/n --> U/euf/b/n on input line 106.
))
(/usr/share/texlive/texmf-dist/tex/latex/url/url.sty
\Urlmuskip=\muskip17
Package: url 2013/09/16  ver 3.4  Verb mode for urls, etc.
)
(/usr/share/texlive/texmf-dist/tex/latex/tools/enumerate.sty
Package: enumerate 2015/07/23 v3.00 enumerate extensions (DPC)
\@enLab=\toks28
)
(/usr/share/texlive/texmf-dist/tex/latex/tools/longtable.sty
Package: longtable 2021-09-01 v4.17 Multi-page Table package (DPC)
\LTleft=\skip68
\LTright=\skip69
\LTpre=\skip70
\LTpost=\skip71
\LTchunksize=\count290
\LTcapwidth=\dimen164
\LT@head=\box59
\LT@firsthead=\box60
\LT@foot=\box61
\LT@lastfoot=\box62
\LT@gbox=\box63
\LT@cols=\count291
\LT@rows=\count292
\c@LT@tables=\count293
\c@LT@chunks=\count294
\LT@p@ftn=\toks29
)
(/usr/share/texlive/texmf-dist/tex/latex/natbib/natbib.sty
Package: natbib 2010/09/13 8.31b (PWD, AO)
\bibhang=\skip72
\bibsep=\skip73
LaTeX Info: Redefining \cite on input line 694.
\c@NAT@ctr=\count295
)
(/usr/share/texlive/texmf-dist/tex/latex/tools/xspace.sty
Package: xspace 2014/10/28 v1.13 Space after command names (DPC,MH)
)
(/usr/share/texlive/texmf-dist/tex/generic/babel/babel.sty
Package: babel 2022/01/26 3.70 The Babel package
\babel@savecnt=\count296
\U@D=\dimen165
\l@unhyphenated=\language3

(/usr/share/texlive/texmf-dist/tex/generic/babel/txtbabel.def)
\bbl@readstream=\read2
\bbl@dirlevel=\count297

(/usr/share/texlive/texmf-dist/tex/generic/babel-english/english.ldf
Language: english 2017/06/06 v3.3r English support from the babel system
Package babel Info: Hyphen rules for 'british' set to \l@english
(babel)             (\language0). Reported on input line 82.
Package babel Info: Hyphen rules for 'UKenglish' set to \l@english
(babel)             (\language0). Reported on input line 83.
Package babel Info: Hyphen rules for 'canadian' set to \l@english
(babel)             (\language0). Reported on input line 102.
Package babel Info: Hyphen rules for 'australian' set to \l@english
(babel)             (\language0). Reported on input line 105.
Package babel Info: Hyphen rules for 'newzealand' set to \l@english
(babel)             (\language0). Reported on input line 108.
))
(/usr/share/texlive/texmf-dist/tex/latex/graphics/rotating.sty
Package: rotating 2016/08/11 v2.16d rotated objects in LaTeX

(/usr/share/texlive/texmf-dist/tex/latex/graphics/graphicx.sty
Package: graphicx 2021/09/16 v1.2d Enhanced LaTeX Graphics (DPC,SPQR)

(/usr/share/texlive/texmf-dist/tex/latex/graphics/graphics.sty
Package: graphics 2021/03/04 v1.4d Standard LaTeX Graphics (DPC,SPQR)

(/usr/share/texlive/texmf-dist/tex/latex/graphics/trig.sty
Package: trig 2021/08/11 v1.11 sin cos tan (DPC)
)
(/usr/share/texlive/texmf-dist/tex/latex/graphics-cfg/graphics.cfg
File: graphics.cfg 2016/06/04 v1.11 sample graphics configuration
)
Package graphics Info: Driver file: pdftex.def on input line 107.

(/usr/share/texlive/texmf-dist/tex/latex/graphics-def/pdftex.def
File: pdftex.def 2020/10/05 v1.2a Graphics/color driver for pdftex
))
\Gin@req@height=\dimen166
\Gin@req@width=\dimen167
)
(/usr/share/texlive/texmf-dist/tex/latex/base/ifthen.sty
Package: ifthen 2020/11/24 v1.1c Standard LaTeX ifthen package (DPC)
)
\c@r@tfl@t=\count298
\rotFPtop=\skip74
\rotFPbot=\skip75
\rot@float@box=\box64
\rot@mess@toks=\toks30
)
\aa@cnta=\count299
\aa@cntb=\count300
\aa@nbwords=\count301
\aa@nbauthors=\count302
\aa@nbinstitutes=\count303
\c@aa@institutecnt=\count304
\aa@savecounter=\count305
\aa@dima=\skip76
\aa@dimb=\skip77
\aa@dimc=\skip78
\VSpaceBeforeTheorem=\skip79
\VSpaceAfterTheorem=\skip80
\HSpaceIndentTheorem=\skip81
\HVSpaceSepTheorem=\skip82
\aa@securityheadmargin=\skip83
\aa@bleedmargin=\skip84
\aa@voffsetlettername=\skip85
\aa@hoffsetlettername=\skip86
\aa@hoffsetgray=\skip87
\aa@aftercontentsnameskip=\skip88
\aa@aftercontentsAutnameskip=\skip89
\aa@beforeheadboxskip=\skip90
\aa@afterheadboxskip=\skip91
\aa@beforetopicsskip=\skip92
\aa@aftertopicsskip=\skip93
\aa@afterletternameskip=\skip94
\aa@beforeletternameskip=\skip95
\aa@beforeheadnoteskip=\skip96
\aa@afterheadnoteskip=\skip97
\aa@aftertitleskip=\skip98
\aa@beforesubtitleskip=\skip99
\aa@aftersubtitleskip=\skip100
\aa@afterauthorskip=\skip101
\aa@beforedefaultheadnoteskip=\skip102
\aa@headingleftmargin=\skip103
\aa@headingrightmargin=\skip104
\aa@afterinstituteskip=\skip105
\aa@instituteindent=\skip106
\aa@afterdateskip=\skip107
\aa@afterdedicationskip=\skip108
\aa@afterabstractnameskip=\skip109
\aa@afterabstractskip=\skip110
\aa@aftersubabstractskip=\skip111
\aa@afterkeywordsskip=\skip112
\aa@beforeacknowledgementsskip=\skip113
\aa@afteracknowledgementsskip=\skip114
\aa@figgap=\skip115
\aa@sidecaptionminwidth=\skip116
\aa@sidecaptionwidth=\skip117
\VSpaceBeforeFigCaption=\skip118
\VSpaceAfterTabCaption=\skip119
\VSpaceBeforeTabBib=\skip120
\VSpaceBeforeTabFoot=\skip121
\aftertext=\skip122
\aa@entryboxwidth=\skip123
\betweenumberspace=\skip124
\authorlink=\toks31
\yearCop=\toks32
\aa@stripbox=\box65
\aa@outputbox=\box66
\c@AAproof=\count306
\c@AAtheorem=\count307
 (./linenoaa.sty
Package: linenoaa 2023/03/12 v0.02

(/usr/share/texlive/texmf-dist/tex/latex/lineno/lineno.sty
Package: lineno 2005/11/02 line numbers on paragraphs v4.41
\linenopenalty=\count308
\output=\toks33
\linenoprevgraf=\count309
\linenumbersep=\dimen168
\linenumberwidth=\dimen169
\c@linenumber=\count310
\c@pagewiselinenumber=\count311
\c@LN@truepage=\count312
\c@internallinenumber=\count313
\c@internallinenumbers=\count314
\quotelinenumbersep=\dimen170
\bframerule=\dimen171
\bframesep=\dimen172
\bframebox=\box67
LaTeX Info: Redefining \\ on input line 3056.
)))
(/usr/share/texlive/texmf-dist/tex/latex/newtx/newtxtext.sty
Package: newtxtext 2022/01/11 v1.705(Michael Sharpe) latex and unicode latex su
pport for TeXGyreTermesX

`newtxtext' v1.705, 2022/01/11 Text macros taking advantage of TeXGyre Termes a
nd its extensions (msharpe)
(/usr/share/texlive/texmf-dist/tex/latex/base/fontenc.sty
Package: fontenc 2021/04/29 v2.0v Standard LaTeX package
)
(/usr/share/texlive/texmf-dist/tex/generic/iftex/ifxetex.sty
Package: ifxetex 2019/10/25 v0.7 ifxetex legacy package. Use iftex instead.
)
(/usr/share/texlive/texmf-dist/tex/generic/iftex/ifluatex.sty
Package: ifluatex 2019/10/25 v1.5 ifluatex legacy package. Use iftex instead.
)
(/usr/share/texlive/texmf-dist/tex/latex/xkeyval/xkeyval.sty
Package: xkeyval 2020/11/20 v2.8 package option processing (HA)

(/usr/share/texlive/texmf-dist/tex/generic/xkeyval/xkeyval.tex
(/usr/share/texlive/texmf-dist/tex/generic/xkeyval/xkvutils.tex
\XKV@toks=\toks34
\XKV@tempa@toks=\toks35
)
\XKV@depth=\count315
File: xkeyval.tex 2014/12/03 v2.7a key=value parser (HA)
))
(/usr/share/texlive/texmf-dist/tex/latex/etoolbox/etoolbox.sty
Package: etoolbox 2020/10/05 v2.5k e-TeX tools for LaTeX (JAW)
\etb@tempcnta=\count316
)
(/usr/share/texlive/texmf-dist/tex/latex/base/textcomp.sty
Package: textcomp 2020/02/02 v2.0n Standard LaTeX package
)
(/usr/share/texlive/texmf-dist/tex/generic/xstring/xstring.sty
(/usr/share/texlive/texmf-dist/tex/generic/xstring/xstring.tex
\integerpart=\count317
\decimalpart=\count318
)
Package: xstring 2021/07/21 v1.84 String manipulations (CT)
)
(/usr/share/texlive/texmf-dist/tex/latex/carlisle/scalefnt.sty)
LaTeX Font Info:    Setting ntxLF sub-encoding to TS1/0 on input line 27.
LaTeX Font Info:    Setting ntxTLF sub-encoding to TS1/0 on input line 27.
LaTeX Font Info:    Setting ntxOsF sub-encoding to TS1/0 on input line 27.
LaTeX Font Info:    Setting ntxTOsF sub-encoding to TS1/0 on input line 27.

(/usr/share/texlive/texmf-dist/tex/generic/kastrup/binhex.tex)
\ntx@tmpcnta=\count319
\ntx@cnt=\count320

(/usr/share/texlive/texmf-dist/tex/latex/fontaxes/fontaxes.sty
Package: fontaxes 2020/07/21 v1.0e Font selection axes
LaTeX Info: Redefining \upshape on input line 29.
LaTeX Info: Redefining \itshape on input line 31.
LaTeX Info: Redefining \slshape on input line 33.
LaTeX Info: Redefining \swshape on input line 35.
LaTeX Info: Redefining \scshape on input line 37.
LaTeX Info: Redefining \sscshape on input line 39.
LaTeX Info: Redefining \ulcshape on input line 41.
LaTeX Info: Redefining \textsw on input line 47.
LaTeX Info: Redefining \textssc on input line 48.
LaTeX Info: Redefining \textulc on input line 49.
)
LaTeX Info: Redefining \textsu on input line 541.
LaTeX Info: Redefining \oldstylenums on input line 631.
)
(/usr/share/texlive/texmf-dist/tex/latex/newtx/newtxmath.sty
Package: newtxmath 2021/12/18 v1.7

`newtxmath' v1.7, 2021/12/18 Math macros based originally on txfonts (msharpe)
(/usr/share/texlive/texmf-dist/tex/latex/oberdiek/centernot.sty
Package: centernot 2016/05/16 v1.4 Centers the not symbol horizontally (HO)
)
\tx@cntz=\count321

(/usr/share/texlive/texmf-dist/tex/generic/kastrup/binhex.tex)
\tx@Isdigit=\count322
\tx@IsAlNum=\count323
\tx@tA=\toks36
\tx@tB=\toks37
\tx@su=\read3

amsthm NOT loaded
LaTeX Font Info:    Redeclaring symbol font `operators' on input line 373.
LaTeX Font Info:    Overwriting symbol font `operators' in version `normal'
(Font)                  OT1/cmr/m/n --> OT1/ntxtlf/m/n on input line 373.
LaTeX Font Info:    Overwriting symbol font `operators' in version `bold'
(Font)                  OT1/cmr/bx/n --> OT1/ntxtlf/m/n on input line 373.
LaTeX Font Info:    Overwriting symbol font `operators' in version `bold'
(Font)                  OT1/ntxtlf/m/n --> OT1/ntxtlf/b/n on input line 374.
LaTeX Font Info:    Redeclaring math alphabet \mathsf on input line 380.
LaTeX Font Info:    Overwriting math alphabet `\mathsf' in version `normal'
(Font)                  OT1/cmss/m/n --> T1/qhv/m/n on input line 380.
LaTeX Font Info:    Overwriting math alphabet `\mathsf' in version `bold'
(Font)                  OT1/cmss/bx/n --> T1/qhv/m/n on input line 380.
LaTeX Font Info:    Redeclaring math alphabet \mathit on input line 381.
LaTeX Font Info:    Overwriting math alphabet `\mathit' in version `normal'
(Font)                  OT1/cmr/m/it --> OT1/ntxtlf/m/it on input line 381.
LaTeX Font Info:    Overwriting math alphabet `\mathit' in version `bold'
(Font)                  OT1/cmr/bx/it --> OT1/ntxtlf/m/it on input line 381.
LaTeX Font Info:    Redeclaring math alphabet \mathtt on input line 382.
LaTeX Font Info:    Overwriting math alphabet `\mathtt' in version `normal'
(Font)                  OT1/cmtt/m/n --> T1/ntxtt/m/n on input line 382.
LaTeX Font Info:    Overwriting math alphabet `\mathtt' in version `bold'
(Font)                  OT1/cmtt/m/n --> T1/ntxtt/m/n on input line 382.
LaTeX Font Info:    Redeclaring math alphabet \mathbf on input line 384.
LaTeX Font Info:    Overwriting math alphabet `\mathbf' in version `normal'
(Font)                  OT1/cmr/bx/n --> OT1/ntxtlf/b/n on input line 384.
LaTeX Font Info:    Overwriting math alphabet `\mathbf' in version `bold'
(Font)                  OT1/cmr/bx/n --> OT1/ntxtlf/b/n on input line 384.
LaTeX Font Info:    Overwriting math alphabet `\mathit' in version `bold'
(Font)                  OT1/ntxtlf/m/it --> OT1/ntxtlf/b/it on input line 385.
LaTeX Font Info:    Overwriting math alphabet `\mathsf' in version `bold'
(Font)                  T1/qhv/m/n --> T1/qhv/b/n on input line 386.
LaTeX Font Info:    Overwriting math alphabet `\mathtt' in version `bold'
(Font)                  T1/ntxtt/m/n --> T1/ntxtt/b/n on input line 387.
LaTeX Font Info:    Redeclaring symbol font `letters' on input line 488.
LaTeX Font Info:    Overwriting symbol font `letters' in version `normal'
(Font)                  OML/cmm/m/it --> OML/ntxmi/m/it on input line 488.
LaTeX Font Info:    Overwriting symbol font `letters' in version `bold'
(Font)                  OML/cmm/b/it --> OML/ntxmi/m/it on input line 488.
LaTeX Font Info:    Overwriting symbol font `letters' in version `bold'
(Font)                  OML/ntxmi/m/it --> OML/ntxmi/b/it on input line 489.
\symlettersA=\mathgroup6
LaTeX Font Info:    Overwriting symbol font `lettersA' in version `bold'
(Font)                  U/ntxmia/m/it --> U/ntxmia/b/it on input line 544.
LaTeX Font Info:    Redeclaring math alphabet \mathfrak on input line 546.
Now handling font encoding LMS ...
... no UTF-8 mapping file for font encoding LMS
LaTeX Font Info:    Redeclaring symbol font `symbols' on input line 565.
LaTeX Font Info:    Encoding `OMS' has changed to `LMS' for symbol font
(Font)              `symbols' in the math version `normal' on input line 565.
LaTeX Font Info:    Overwriting symbol font `symbols' in version `normal'
(Font)                  OMS/cmsy/m/n --> LMS/ntxsy/m/n on input line 565.
LaTeX Font Info:    Encoding `OMS' has changed to `LMS' for symbol font
(Font)              `symbols' in the math version `bold' on input line 565.
LaTeX Font Info:    Overwriting symbol font `symbols' in version `bold'
(Font)                  OMS/cmsy/b/n --> LMS/ntxsy/m/n on input line 565.
LaTeX Font Info:    Overwriting symbol font `symbols' in version `bold'
(Font)                  LMS/ntxsy/m/n --> LMS/ntxsy/b/n on input line 566.
\symAMSm=\mathgroup7
LaTeX Font Info:    Overwriting symbol font `AMSm' in version `bold'
(Font)                  U/ntxsym/m/n --> U/ntxsym/b/n on input line 591.
\symsymbolsC=\mathgroup8
LaTeX Font Info:    Overwriting symbol font `symbolsC' in version `bold'
(Font)                  U/ntxsyc/m/n --> U/ntxsyc/b/n on input line 612.
Now handling font encoding LMX ...
... no UTF-8 mapping file for font encoding LMX
LaTeX Font Info:    Redeclaring symbol font `largesymbols' on input line 625.
LaTeX Font Info:    Encoding `OMX' has changed to `LMX' for symbol font
(Font)              `largesymbols' in the math version `normal' on input line 6
25.
LaTeX Font Info:    Overwriting symbol font `largesymbols' in version `normal'
(Font)                  OMX/cmex/m/n --> LMX/ntxexx/m/n on input line 625.
LaTeX Font Info:    Encoding `OMX' has changed to `LMX' for symbol font
(Font)              `largesymbols' in the math version `bold' on input line 625
.
LaTeX Font Info:    Overwriting symbol font `largesymbols' in version `bold'
(Font)                  OMX/cmex/m/n --> LMX/ntxexx/m/n on input line 625.
LaTeX Font Info:    Overwriting symbol font `largesymbols' in version `bold'
(Font)                  LMX/ntxexx/m/n --> LMX/ntxexx/b/n on input line 626.
\symlargesymbolsTXA=\mathgroup9
LaTeX Font Info:    Overwriting symbol font `largesymbolsTXA' in version `bold'

(Font)                  U/ntxexa/m/n --> U/ntxexa/b/n on input line 640.
\tx@sbptoks=\toks38
LaTeX Font Info:    Redeclaring math delimiter \lfloor on input line 863.
LaTeX Font Info:    Redeclaring math delimiter \rfloor on input line 864.
LaTeX Font Info:    Redeclaring math delimiter \lceil on input line 865.
LaTeX Font Info:    Redeclaring math delimiter \rceil on input line 866.
LaTeX Font Info:    Redeclaring math delimiter \lbrace on input line 867.
LaTeX Font Info:    Redeclaring math delimiter \rbrace on input line 868.
LaTeX Font Info:    Redeclaring math delimiter \langle on input line 869.
LaTeX Font Info:    Redeclaring math delimiter \rangle on input line 871.
LaTeX Font Info:    Redeclaring math delimiter \arrowvert on input line 875.
LaTeX Font Info:    Redeclaring math delimiter \vert on input line 876.
LaTeX Font Info:    Redeclaring math accent \dot on input line 947.
LaTeX Font Info:    Redeclaring math accent \ddot on input line 948.
LaTeX Font Info:    Redeclaring math accent \vec on input line 2017.
LaTeX Info: Redefining \Bbbk on input line 2807.
LaTeX Info: Redefining \not on input line 2956.
) (/usr/share/texlive/texmf-dist/tex/latex/base/fontenc.sty
Package: fontenc 2021/04/29 v2.0v Standard LaTeX package
LaTeX Font Info:    Trying to load font information for T1+ntxtlf on input line
 112.

(/usr/share/texlive/texmf-dist/tex/latex/newtx/t1ntxtlf.fd
File: t1ntxtlf.fd 2021/05/24 v1.1 font definition file for T1/ntx/tlf
)
LaTeX Font Info:    Font shape `T1/ntxtlf/m/n' will be
(Font)              scaled to size 10.0pt on input line 112.
)
(/usr/share/texlive/texmf-dist/tex/latex/graphics/color.sty
Package: color 2021/12/07 v1.3c Standard LaTeX Color (DPC)

(/usr/share/texlive/texmf-dist/tex/latex/graphics-cfg/color.cfg
File: color.cfg 2016/01/02 v1.6 sample color configuration
)
Package color Info: Driver file: pdftex.def on input line 149.
)
(/usr/share/texlive/texmf-dist/tex/latex/oberdiek/twoopt.sty
Package: twoopt 2016/05/16 v1.6 Definitions with two optional arguments (HO)
)
(/usr/share/texlive/texmf-dist/tex/latex/breakurl/breakurl.sty
Package: breakurl 2013/04/10 v1.40 Breakable hyperref URLs

(/usr/share/texlive/texmf-dist/tex/generic/iftex/ifpdf.sty
Package: ifpdf 2019/10/25 v3.4 ifpdf legacy package. Use iftex instead.
)

Package breakurl Warning: You are using breakurl while processing via pdflatex.

(breakurl)                \burl will be just a synonym of \url.
(breakurl)                 on input line 48.

) (/usr/share/texlive/texmf-dist/tex/latex/hyperref/hyperref.sty
Package: hyperref 2021-06-07 v7.00m Hypertext links for LaTeX

(/usr/share/texlive/texmf-dist/tex/generic/ltxcmds/ltxcmds.sty
Package: ltxcmds 2020-05-10 v1.25 LaTeX kernel commands for general use (HO)
)
(/usr/share/texlive/texmf-dist/tex/generic/pdftexcmds/pdftexcmds.sty
Package: pdftexcmds 2020-06-27 v0.33 Utility functions of pdfTeX for LuaTeX (HO
)

(/usr/share/texlive/texmf-dist/tex/generic/infwarerr/infwarerr.sty
Package: infwarerr 2019/12/03 v1.5 Providing info/warning/error messages (HO)
)
Package pdftexcmds Info: \pdf@primitive is available.
Package pdftexcmds Info: \pdf@ifprimitive is available.
Package pdftexcmds Info: \pdfdraftmode found.
)
(/usr/share/texlive/texmf-dist/tex/generic/kvsetkeys/kvsetkeys.sty
Package: kvsetkeys 2019/12/15 v1.18 Key value parser (HO)
)
(/usr/share/texlive/texmf-dist/tex/generic/kvdefinekeys/kvdefinekeys.sty
Package: kvdefinekeys 2019-12-19 v1.6 Define keys (HO)
)
(/usr/share/texlive/texmf-dist/tex/generic/pdfescape/pdfescape.sty
Package: pdfescape 2019/12/09 v1.15 Implements pdfTeX's escape features (HO)
)
(/usr/share/texlive/texmf-dist/tex/latex/hycolor/hycolor.sty
Package: hycolor 2020-01-27 v1.10 Color options for hyperref/bookmark (HO)
)
(/usr/share/texlive/texmf-dist/tex/latex/letltxmacro/letltxmacro.sty
Package: letltxmacro 2019/12/03 v1.6 Let assignment for LaTeX macros (HO)
)
(/usr/share/texlive/texmf-dist/tex/latex/auxhook/auxhook.sty
Package: auxhook 2019-12-17 v1.6 Hooks for auxiliary files (HO)
)
(/usr/share/texlive/texmf-dist/tex/latex/kvoptions/kvoptions.sty
Package: kvoptions 2020-10-07 v3.14 Key value format for package options (HO)
)
\@linkdim=\dimen173
\Hy@linkcounter=\count324
\Hy@pagecounter=\count325

(/usr/share/texlive/texmf-dist/tex/latex/hyperref/pd1enc.def
File: pd1enc.def 2021-06-07 v7.00m Hyperref: PDFDocEncoding definition (HO)
Now handling font encoding PD1 ...
... no UTF-8 mapping file for font encoding PD1
)
(/usr/share/texlive/texmf-dist/tex/latex/hyperref/hyperref-langpatches.def
File: hyperref-langpatches.def 2021-06-07 v7.00m Hyperref: patches for babel la
nguages
)
(/usr/share/texlive/texmf-dist/tex/generic/intcalc/intcalc.sty
Package: intcalc 2019/12/15 v1.3 Expandable calculations with integers (HO)
)
(/usr/share/texlive/texmf-dist/tex/generic/etexcmds/etexcmds.sty
Package: etexcmds 2019/12/15 v1.7 Avoid name clashes with e-TeX commands (HO)
)
\Hy@SavedSpaceFactor=\count326

(/usr/share/texlive/texmf-dist/tex/latex/hyperref/puenc.def
File: puenc.def 2021-06-07 v7.00m Hyperref: PDF Unicode definition (HO)
Now handling font encoding PU ...
... no UTF-8 mapping file for font encoding PU
)
Package hyperref Info: Option `breaklinks' set `true' on input line 4073.
Package hyperref Info: Hyper figures OFF on input line 4192.
Package hyperref Info: Link nesting OFF on input line 4197.
Package hyperref Info: Hyper index ON on input line 4200.
Package hyperref Info: Plain pages OFF on input line 4207.
Package hyperref Info: Backreferencing OFF on input line 4212.
Package hyperref Info: Implicit mode ON; LaTeX internals redefined.
Package hyperref Info: Bookmarks ON on input line 4445.
\c@Hy@tempcnt=\count327
LaTeX Info: Redefining \url on input line 4804.
\XeTeXLinkMargin=\dimen174

(/usr/share/texlive/texmf-dist/tex/generic/bitset/bitset.sty
Package: bitset 2019/12/09 v1.3 Handle bit-vector datatype (HO)

(/usr/share/texlive/texmf-dist/tex/generic/bigintcalc/bigintcalc.sty
Package: bigintcalc 2019/12/15 v1.5 Expandable calculations on big integers (HO
)
))
\Fld@menulength=\count328
\Field@Width=\dimen175
\Fld@charsize=\dimen176
Package hyperref Info: Hyper figures OFF on input line 6076.
Package hyperref Info: Link nesting OFF on input line 6081.
Package hyperref Info: Hyper index ON on input line 6084.
Package hyperref Info: backreferencing OFF on input line 6091.
Package hyperref Info: Link coloring OFF on input line 6096.
Package hyperref Info: Link coloring with OCG OFF on input line 6101.
Package hyperref Info: PDF/A mode OFF on input line 6106.
LaTeX Info: Redefining \ref on input line 6146.
LaTeX Info: Redefining \pageref on input line 6150.

(/usr/share/texlive/texmf-dist/tex/latex/base/atbegshi-ltx.sty
Package: atbegshi-ltx 2021/01/10 v1.0c Emulation of the original atbegshi
package with kernel methods
)
\Hy@abspage=\count329
\c@Item=\count330
\c@Hfootnote=\count331
)
Package hyperref Info: Driver (autodetected): hpdftex.

(/usr/share/texlive/texmf-dist/tex/latex/hyperref/hpdftex.def
File: hpdftex.def 2021-06-07 v7.00m Hyperref driver for pdfTeX

(/usr/share/texlive/texmf-dist/tex/latex/base/atveryend-ltx.sty
Package: atveryend-ltx 2020/08/19 v1.0a Emulation of the original atveryend pac
kage
with kernel methods
)
\Fld@listcount=\count332
\c@bookmark@seq@number=\count333

(/usr/share/texlive/texmf-dist/tex/latex/rerunfilecheck/rerunfilecheck.sty
Package: rerunfilecheck 2019/12/05 v1.9 Rerun checks for auxiliary files (HO)

(/usr/share/texlive/texmf-dist/tex/generic/uniquecounter/uniquecounter.sty
Package: uniquecounter 2019/12/15 v1.4 Provide unlimited unique counter (HO)
)
Package uniquecounter Info: New unique counter `rerunfilecheck' on input line 2
86.
)
\Hy@SectionHShift=\skip125
)
(/usr/share/texlive/texmf-dist/tex/latex/was/upgreek.sty
Package: upgreek 2003/02/12 v2.0 (WaS)
Package upgreek Info: Using Euler Roman for upright Greek on input line 31.
\symugrf@m=\mathgroup10
LaTeX Font Info:    Overwriting symbol font `ugrf@m' in version `bold'
(Font)                  U/eur/m/n --> U/eur/b/n on input line 38.
LaTeX Font Info:    Redeclaring math symbol \upalpha on input line 40.
LaTeX Font Info:    Redeclaring math symbol \upbeta on input line 41.
LaTeX Font Info:    Redeclaring math symbol \upgamma on input line 42.
LaTeX Font Info:    Redeclaring math symbol \updelta on input line 43.
LaTeX Font Info:    Redeclaring math symbol \upepsilon on input line 44.
LaTeX Font Info:    Redeclaring math symbol \upzeta on input line 45.
LaTeX Font Info:    Redeclaring math symbol \upeta on input line 46.
LaTeX Font Info:    Redeclaring math symbol \uptheta on input line 47.
LaTeX Font Info:    Redeclaring math symbol \upiota on input line 48.
LaTeX Font Info:    Redeclaring math symbol \upkappa on input line 49.
LaTeX Font Info:    Redeclaring math symbol \uplambda on input line 50.
LaTeX Font Info:    Redeclaring math symbol \upmu on input line 51.
LaTeX Font Info:    Redeclaring math symbol \upnu on input line 52.
LaTeX Font Info:    Redeclaring math symbol \upxi on input line 53.
LaTeX Font Info:    Redeclaring math symbol \uprho on input line 55.
LaTeX Font Info:    Redeclaring math symbol \upsigma on input line 56.
LaTeX Font Info:    Redeclaring math symbol \uptau on input line 57.
LaTeX Font Info:    Redeclaring math symbol \upupsilon on input line 58.
LaTeX Font Info:    Redeclaring math symbol \upphi on input line 59.
LaTeX Font Info:    Redeclaring math symbol \upchi on input line 60.
LaTeX Font Info:    Redeclaring math symbol \uppsi on input line 61.
LaTeX Font Info:    Redeclaring math symbol \upomega on input line 62.
LaTeX Font Info:    Redeclaring math symbol \upvarepsilon on input line 63.
LaTeX Font Info:    Redeclaring math symbol \upvartheta on input line 64.
LaTeX Font Info:    Redeclaring math symbol \upvarpi on input line 65.
LaTeX Font Info:    Redeclaring math symbol \upvarphi on input line 68.
)
Package hyperref Info: Option `colorlinks' set `true' on input line 35.

(/usr/share/texlive/texmf-dist/tex/generic/ulem/ulem.sty
\UL@box=\box68
\UL@hyphenbox=\box69
\UL@skip=\skip126
\UL@hook=\toks39
\UL@height=\dimen177
\UL@pe=\count334
\UL@pixel=\dimen178
\ULC@box=\box70
Package: ulem 2019/11/18
\ULdepth=\dimen179
)
(/usr/share/texlive/texmf-dist/tex/latex/oberdiek/settobox.sty
Package: settobox 2016/05/16 v1.5 Assign box dimensions to length registers (HO
)
)
\DIFdelgraphicsbox=\box71
\DIFdelgraphicswidth=\skip127
\DIFdelgraphicsheight=\skip128
LaTeX Info: Redefining \DIFaddbegin on input line 128.
LaTeX Info: Redefining \DIFaddend on input line 129.
LaTeX Info: Redefining \DIFdelbegin on input line 130.
LaTeX Info: Redefining \DIFdelend on input line 131.
LaTeX Info: Redefining \DIFaddbeginFL on input line 136.
LaTeX Info: Redefining \DIFaddendFL on input line 137.
LaTeX Info: Redefining \DIFdelbeginFL on input line 138.
LaTeX Info: Redefining \DIFdelendFL on input line 139.

(/usr/share/texlive/texmf-dist/tex/latex/listings/listings.sty
\lst@mode=\count335
\lst@gtempboxa=\box72
\lst@token=\toks40
\lst@length=\count336
\lst@currlwidth=\dimen180
\lst@column=\count337
\lst@pos=\count338
\lst@lostspace=\dimen181
\lst@width=\dimen182
\lst@newlines=\count339
\lst@lineno=\count340
\lst@maxwidth=\dimen183

(/usr/share/texlive/texmf-dist/tex/latex/listings/lstmisc.sty
File: lstmisc.sty 2020/03/24 1.8d (Carsten Heinz)
\c@lstnumber=\count341
\lst@skipnumbers=\count342
\lst@framebox=\box73
)
(/usr/share/texlive/texmf-dist/tex/latex/listings/listings.cfg
File: listings.cfg 2020/03/24 1.8d listings configuration
))
Package: listings 2020/03/24 1.8d (Carsten Heinz)

(/usr/share/texlive/texmf-dist/tex/latex/l3backend/l3backend-pdftex.def
File: l3backend-pdftex.def 2022-01-12 L3 backend support: PDF output (pdfTeX)
\l__color_backend_stack_int=\count343
\l__pdf_internal_box=\box74
)
(./diff.aux)
\openout1 = `diff.aux'.

LaTeX Font Info:    Checking defaults for OML/ntxmi/m/it on input line 158.
LaTeX Font Info:    Trying to load font information for OML+ntxmi on input line
 158.
 (/usr/share/texlive/texmf-dist/tex/latex/newtx/omlntxmi.fd
File: omlntxmi.fd 2015/08/25 Fontinst v1.933 font definitions for OML/ntxmi.
)
LaTeX Font Info:    ... okay on input line 158.
LaTeX Font Info:    Checking defaults for OMS/cmsy/m/n on input line 158.
LaTeX Font Info:    ... okay on input line 158.
LaTeX Font Info:    Checking defaults for OT1/cmr/m/n on input line 158.
LaTeX Font Info:    ... okay on input line 158.
LaTeX Font Info:    Checking defaults for T1/cmr/m/n on input line 158.
LaTeX Font Info:    ... okay on input line 158.
LaTeX Font Info:    Checking defaults for TS1/cmr/m/n on input line 158.
LaTeX Font Info:    ... okay on input line 158.
LaTeX Font Info:    Checking defaults for OMX/cmex/m/n on input line 158.
LaTeX Font Info:    ... okay on input line 158.
LaTeX Font Info:    Checking defaults for U/ntxexa/m/n on input line 158.
LaTeX Font Info:    Trying to load font information for U+ntxexa on input line 
158.

(/usr/share/texlive/texmf-dist/tex/latex/newtx/untxexa.fd
File: untxexa.fd 2012/04/16 Fontinst v1.933 font definitions for U/ntxexa.
)
LaTeX Font Info:    ... okay on input line 158.
LaTeX Font Info:    Checking defaults for LMS/ntxsy/m/n on input line 158.
LaTeX Font Info:    Trying to load font information for LMS+ntxsy on input line
 158.

(/usr/share/texlive/texmf-dist/tex/latex/newtx/lmsntxsy.fd
File: lmsntxsy.fd 2016/07/02 Fontinst v1.933 font definitions for LMS/ntxsy.
)
LaTeX Font Info:    ... okay on input line 158.
LaTeX Font Info:    Checking defaults for LMX/ntxexx/m/n on input line 158.
LaTeX Font Info:    Trying to load font information for LMX+ntxexx on input lin
e 158.

(/usr/share/texlive/texmf-dist/tex/latex/newtx/lmxntxexx.fd
File: lmxntxexx.fd 2016/07/03 Fontinst v1.933 font definitions for LMX/ntxexx.
)
LaTeX Font Info:    ... okay on input line 158.
LaTeX Font Info:    Checking defaults for PD1/pdf/m/n on input line 158.
LaTeX Font Info:    ... okay on input line 158.
LaTeX Font Info:    Checking defaults for PU/pdf/m/n on input line 158.
LaTeX Font Info:    ... okay on input line 158.

*geometry* detected driver: pdftex
*geometry* verbose mode - [ preamble ] result:
* driver: pdftex
* paper: a4paper
* layout: <same size as paper>
* layoutoffset:(h,v)=(0.0pt,0.0pt)
* modes: twoside 
* h-part:(L,W,R)=(36.98859pt, 523.5307pt, 36.98859pt)
* v-part:(T,H,B)=(56.01874pt, 705.0pt, 84.0281pt)
* \paperwidth=597.50787pt
* \paperheight=845.04684pt
* \textwidth=523.5307pt
* \textheight=705.0pt
* \oddsidemargin=-35.2814pt
* \evensidemargin=-35.2814pt
* \topmargin=-40.25125pt
* \headheight=12.0pt
* \headsep=12.0pt
* \topskip=10.0pt
* \footskip=20.0pt
* \marginparwidth=0.0pt
* \marginparsep=0.0pt
* \columnsep=11.38109pt
* \skip\footins=9.0pt plus 4.0pt minus 2.0pt
* \hoffset=0.0pt
* \voffset=0.0pt
* \mag=1000
* \@twocolumntrue
* \@twosidetrue
* \@mparswitchtrue
* \@reversemarginfalse
* (1in=72.27pt=25.4mm, 1cm=28.453pt)

(/usr/share/texlive/texmf-dist/tex/context/base/mkii/supp-pdf.mkii
[Loading MPS to PDF converter (version 2006.09.02).]
\scratchcounter=\count344
\scratchdimen=\dimen184
\scratchbox=\box75
\nofMPsegments=\count345
\nofMParguments=\count346
\everyMPshowfont=\toks41
\MPscratchCnt=\count347
\MPscratchDim=\dimen185
\MPnumerator=\count348
\makeMPintoPDFobject=\count349
\everyMPtoPDFconversion=\toks42
) (/usr/share/texlive/texmf-dist/tex/latex/epstopdf-pkg/epstopdf-base.sty
Package: epstopdf-base 2020-01-24 v2.11 Base part for package epstopdf
Package epstopdf-base Info: Redefining graphics rule for `.eps' on input line 4
85.

(/usr/share/texlive/texmf-dist/tex/latex/latexconfig/epstopdf-sys.cfg
File: epstopdf-sys.cfg 2010/07/13 v1.3 Configuration of (r)epstopdf for TeX Liv
e
))
\c@mv@tabular=\count350
\c@mv@boldtabular=\count351
Package hyperref Info: Link coloring ON on input line 158.

(/usr/share/texlive/texmf-dist/tex/latex/hyperref/nameref.sty
Package: nameref 2021-04-02 v2.47 Cross-referencing by name of section

(/usr/share/texlive/texmf-dist/tex/latex/refcount/refcount.sty
Package: refcount 2019/12/15 v3.6 Data extraction from label references (HO)
)
(/usr/share/texlive/texmf-dist/tex/generic/gettitlestring/gettitlestring.sty
Package: gettitlestring 2019/12/15 v1.6 Cleanup title references (HO)
)
\c@section@level=\count352
)
LaTeX Info: Redefining \ref on input line 158.
LaTeX Info: Redefining \pageref on input line 158.
LaTeX Info: Redefining \nameref on input line 158.

(./diff.out) (./diff.out)
\@outlinefile=\write3
\openout3 = `diff.out'.

\c@lstlisting=\count353
 (./first_page.tex)
LaTeX Font Info:    Font shape `T1/ntxtlf/m/sl' will be
(Font)              scaled to size 10.0pt on input line 169.
LaTeX Font Info:    Trying to load font information for TS1+ntxtlf on input lin
e 169.

(/usr/share/texlive/texmf-dist/tex/latex/newtx/ts1ntxtlf.fd
File: ts1ntxtlf.fd 2015/01/18 v1.0 fd file for TS1/ntxtlf
)
LaTeX Font Info:    Font shape `TS1/ntxtlf/m/n' will be
(Font)              scaled to size 10.0pt on input line 169.
LaTeX Font Info:    Trying to load font information for OT1+ntxtlf on input lin
e 169.

(/usr/share/texlive/texmf-dist/tex/latex/newtx/ot1ntxtlf.fd
File: ot1ntxtlf.fd 2021/05/24 v1.0 font definition file for OT1/ntx/tlf
)
LaTeX Font Info:    Font shape `OT1/ntxtlf/m/n' will be
(Font)              scaled to size 10.0pt on input line 169.
LaTeX Font Info:    Font shape `OT1/ntxtlf/m/n' will be
(Font)              scaled to size 7.3pt on input line 169.
LaTeX Font Info:    Font shape `OT1/ntxtlf/m/n' will be
(Font)              scaled to size 5.5pt on input line 169.
LaTeX Font Info:    Trying to load font information for U+msa on input line 169
.

(/usr/share/texlive/texmf-dist/tex/latex/amsfonts/umsa.fd
File: umsa.fd 2013/01/14 v3.01 AMS symbols A
)
LaTeX Font Info:    Trying to load font information for U+msb on input line 169
.

(/usr/share/texlive/texmf-dist/tex/latex/amsfonts/umsb.fd
File: umsb.fd 2013/01/14 v3.01 AMS symbols B
)
LaTeX Font Info:    Trying to load font information for U+ntxmia on input line 
169.

(/usr/share/texlive/texmf-dist/tex/latex/newtx/untxmia.fd
File: untxmia.fd 2018/04/14 Fontinst v1.933 font definitions for U/ntxmia.
)
LaTeX Font Info:    Trying to load font information for U+ntxsym on input line 
169.

(/usr/share/texlive/texmf-dist/tex/latex/newtx/untxsym.fd
File: untxsym.fd 2015/03/20 Fontinst v1.933 font definitions for U/ntxsym.
)
LaTeX Font Info:    Trying to load font information for U+ntxsyc on input line 
169.

(/usr/share/texlive/texmf-dist/tex/latex/newtx/untxsyc.fd
File: untxsyc.fd 2012/04/12 Fontinst v1.933 font definitions for U/ntxsyc.
)
LaTeX Font Info:    Font shape `T1/ntxtlf/m/n' will be
(Font)              scaled to size 17.28pt on input line 169.
LaTeX Font Info:    Trying to load font information for T1+qhv on input line 16
9.

(/usr/share/texmf/tex/latex/tex-gyre/t1qhv.fd
File: t1qhv.fd 2009/09/25 v1.2 font definition file for T1/qhv
)
LaTeX Font Info:    Font shape `T1/qhv/m/n' will be
(Font)              scaled to size 16.24324pt on input line 169.
LaTeX Font Info:    Font shape `T1/qhv/b/n' will be
(Font)              scaled to size 16.24324pt on input line 169.
LaTeX Font Info:    Font shape `OT1/ntxtlf/b/n' will be
(Font)              scaled to size 17.28pt on input line 169.
LaTeX Font Info:    Font shape `OT1/ntxtlf/b/n' will be
(Font)              scaled to size 12.5pt on input line 169.
LaTeX Font Info:    Font shape `OT1/ntxtlf/b/n' will be
(Font)              scaled to size 9.4pt on input line 169.
LaTeX Font Info:    Font shape `T1/ntxtlf/m/n' will be
(Font)              scaled to size 10.95pt on input line 169.
LaTeX Font Info:    Font shape `OT1/ntxtlf/m/n' will be
(Font)              scaled to size 10.95pt on input line 169.
LaTeX Font Info:    Font shape `OT1/ntxtlf/m/n' will be
(Font)              scaled to size 8.0pt on input line 169.
LaTeX Font Info:    Font shape `OT1/ntxtlf/m/n' will be
(Font)              scaled to size 6.1pt on input line 169.
LaTeX Font Info:    Font shape `T1/ntxtlf/m/n' will be
(Font)              scaled to size 8.0pt on input line 169.
LaTeX Font Info:    Font shape `OT1/ntxtlf/m/n' will be
(Font)              scaled to size 6.2pt on input line 169.
LaTeX Font Info:    Font shape `T1/ntxtlf/m/n' will be
(Font)              scaled to size 7.3pt on input line 169.
LaTeX Font Info:    Font shape `T1/ntxtlf/m/n' will be
(Font)              scaled to size 9.0pt on input line 169.
LaTeX Font Info:    Font shape `OT1/ntxtlf/m/n' will be
(Font)              scaled to size 9.0pt on input line 169.
LaTeX Font Info:    Font shape `T1/qhv/m/n' will be
(Font)              scaled to size 8.46002pt on input line 169.
LaTeX Font Info:    Font shape `T1/qhv/b/n' will be
(Font)              scaled to size 8.46002pt on input line 169.
LaTeX Font Info:    Font shape `T1/ntxtlf/m/sc' will be
(Font)              scaled to size 9.0pt on input line 169.
LaTeX Font Info:    Calculating math sizes for size <7.3> on input line 169.
LaTeX Font Info:    Font shape `OT1/ntxtlf/m/n' will be
(Font)              scaled to size 5.32896pt on input line 169.
LaTeX Font Info:    Font shape `OT1/ntxtlf/m/n' will be
(Font)              scaled to size 4.01501pt on input line 169.
LaTeX Font Info:    Font shape `T1/qhv/m/n' will be
(Font)              scaled to size 10.29301pt on input line 174.
LaTeX Font Info:    Font shape `T1/qhv/b/n' will be
(Font)              scaled to size 10.29301pt on input line 174.
LaTeX Font Info:    Font shape `T1/ntxtlf/m/n' will be
(Font)              scaled to size 7.0pt on input line 174.
LaTeX Font Info:    Font shape `T1/qhv/m/n' will be
(Font)              scaled to size 6.58002pt on input line 174.
LaTeX Font Info:    Font shape `T1/ntxtlf/b/n' will be
(Font)              scaled to size 10.0pt on input line 180.


Package natbib Warning: Citation `p1d_mcDonald2000' on page 1 undefined on inpu
t line 180.


Package natbib Warning: Citation `p1d_mcDonald2000' on page 1 undefined on inpu
t line 184.


Underfull \hbox (badness 4193) in paragraph at lines 178--195
[]\T1/ntxtlf/m/n/10 Cosmological anal-y-ses of the Lyman-$\OML/ntxmi/m/it/10 $
 \T1/ntxtlf/m/n/10 for-est rely
 []


Underfull \hbox (badness 1675) in paragraph at lines 178--195
\T1/ntxtlf/m/n/10 on ei-ther three-dimensional cor-re-la-tions of the Lyman-$\O
ML/ntxmi/m/it/10 $
 []


Underfull \hbox (badness 2662) in paragraph at lines 178--195
[][]|   []   []\T1/ntxtlf/m/n/10 . The first
 []


Overfull \hbox (101.42519pt too wide) in paragraph at lines 178--195
[]|   []
 []


Overfull \hbox (183.6352pt too wide) in paragraph at lines 178--195
[][]|   []
 []


Underfull \hbox (badness 10000) in paragraph at lines 178--195
[]\T1/ntxtlf/m/n/10 , the na-ture of dark mat-ter
 []


Overfull \hbox (209.39519pt too wide) in paragraph at lines 178--195
[]|   []
 []


Overfull \hbox (276.8852pt too wide) in paragraph at lines 178--195
[][]|   []
 []


Underfull \hbox (badness 10000) in paragraph at lines 178--195
[]\T1/ntxtlf/m/n/10 , the ther-mal his-tory of the IGM
 []


Overfull \hbox (83.99521pt too wide) in paragraph at lines 178--195
[]|   []
 []


Overfull \hbox (268.16522pt too wide) in paragraph at lines 178--195
[][]|   []
 []


Overfull \hbox (271.94524pt too wide) in paragraph at lines 196--201
[]|   []
 []


Overfull \hbox (505.10522pt too wide) in paragraph at lines 196--201
[][]|   []
 []


Underfull \vbox (badness 10000) has occurred while \output is active []



Package hyperref Warning: Suppressing link with empty target on input line 201.


[1{/var/lib/texmf/fonts/map/pdftex/updmap/pdftex.map}


]
LaTeX Font Info:    Font shape `T1/ntxtlf/m/sc' will be
(Font)              scaled to size 10.0pt on input line 213.
LaTeX Font Info:    Trying to load font information for T1+ntxsups on input lin
e 213.

(/usr/share/texlive/texmf-dist/tex/latex/newtx/t1ntxsups.fd
File: t1ntxsups.fd 2015/01/17 v1.0
)
LaTeX Font Info:    Font shape `T1/ntxsups/m/n' will be
(Font)              scaled to size 10.0pt on input line 213.
LaTeX Font Info:    Font shape `T1/ntxsups/m/n' will be
(Font)              scaled to size 9.0pt on input line 213.
LaTeX Font Info:    Trying to load font information for T1+ntxtt on input line 
213.

(/usr/share/texlive/texmf-dist/tex/latex/newtx/t1ntxtt.fd
File: t1ntxtt.fd 2012/04/20 v3.1
)
LaTeX Font Info:    Font shape `T1/ntxtt/m/n' will be
(Font)              scaled to size 9.0pt on input line 213.
LaTeX Font Info:    Font shape `T1/qhv/m/n' will be
(Font)              scaled to size 9.40002pt on input line 233.
LaTeX Font Info:    Font shape `T1/qhv/m/it' will be
(Font)              scaled to size 9.40002pt on input line 233.


Package hyperref Warning: Token not allowed in a PDF string (Unicode):
(hyperref)                removing `subscript' on input line 233.

<figures/motivate.pdf, id=363, 578.16pt x 578.16pt>
File: figures/motivate.pdf Graphic file (type pdf)
<use figures/motivate.pdf>
Package pdftex.def Info: figures/motivate.pdf  used on input line 238.
(pdftex.def)             Requested size: 256.0748pt x 256.06737pt.
LaTeX Font Info:    Font shape `T1/ntxtlf/b/n' will be
(Font)              scaled to size 9.0pt on input line 242.
LaTeX Font Info:    Font shape `OT1/ntxtlf/b/n' will be
(Font)              scaled to size 10.0pt on input line 247.
LaTeX Font Info:    Font shape `OT1/ntxtlf/b/n' will be
(Font)              scaled to size 7.3pt on input line 247.
LaTeX Font Info:    Font shape `OT1/ntxtlf/b/n' will be
(Font)              scaled to size 5.5pt on input line 247.

Underfull \hbox (badness 4872) in paragraph at lines 251--254
\T1/ntxtlf/m/n/10 where $\OML/ntxmi/m/it/10 ^^N$ \T1/ntxtlf/m/n/10 refers to ma
t-ter den-sity fluc-tu-a-tions, $\OML/ntxmi/m/it/10 ^^Q \U/ntxmia/m/it/10 =
 []

LaTeX Font Info:    Font shape `T1/ntxtlf/m/sl' will be
(Font)              scaled to size 9.0pt on input line 265.

Package hyperref Warning: Suppressing link with empty target on input line 265.


[2]
Underfull \vbox (badness 10000) has occurred while \output is active []

LaTeX Font Info:    Font shape `OT1/ntxtlf/b/n' will be
(Font)              scaled to size 9.0pt on input line 295.


Package hyperref Warning: Suppressing link with empty target on input line 295.


[3 <./figures/motivate.pdf>]
Underfull \hbox (badness 6332) in paragraph at lines 315--316
[]\T1/ntxtlf/m/n/10 Our em-u-la-tor pre-dicts the 8 free pa-ram-e-ters of
 []


Underfull \hbox (badness 3792) in paragraph at lines 315--316
\T1/ntxtlf/m/n/10 the $\OML/ntxmi/m/it/10 P[]$ \T1/ntxtlf/m/n/10 model in-tro-d
uced by Eqs. [][]3[][] and [][]4[][], $\OT1/ntxtlf/b/n/10 y \U/ntxmia/m/it/10 =

 []


Overfull \hbox (48.67645pt too wide) in paragraph at lines 348--349
[]|   [][][]|   [][]\T1/ntxtlf/m/n/10 ,
 []


Package hyperref Warning: Suppressing link with empty target on input line 349.


[4]

Package hyperref Warning: Token not allowed in a PDF string (Unicode):
(hyperref)                removing `math shift' on input line 365.


Package hyperref Warning: Token not allowed in a PDF string (Unicode):
(hyperref)                removing `\alpha' on input line 365.


Package hyperref Warning: Token not allowed in a PDF string (Unicode):
(hyperref)                removing `math shift' on input line 365.

LaTeX Font Info:    Font shape `T1/ntxtt/m/n' will be
(Font)              scaled to size 10.0pt on input line 372.

Package hyperref Warning: Suppressing link with empty target on input line 381.


[5]
<figures/goodness_fit_all.pdf, id=666, 578.16pt x 433.62pt>
File: figures/goodness_fit_all.pdf Graphic file (type pdf)
<use figures/goodness_fit_all.pdf>
Package pdftex.def Info: figures/goodness_fit_all.pdf  used on input line 404.
(pdftex.def)             Requested size: 256.0748pt x 192.05052pt.


Package hyperref Warning: Suppressing link with empty target on input line 428.


[6 <./figures/goodness_fit_all.pdf>]
<figures/network_architecture.png, id=724, 1504.62125pt x 565.11125pt>
File: figures/network_architecture.png Graphic file (type png)
<use figures/network_architecture.png>
Package pdftex.def Info: figures/network_architecture.png  used on input line 4
35.
(pdftex.def)             Requested size: 513.05785pt x 192.69577pt.
LaTeX Font Info:    Font shape `T1/ntxtlf/m/n' will be
(Font)              scaled to size 5.5pt on input line 467.


Package natbib Warning: Citation `paszke2017automatic' on page 7 undefined on i
nput line 496.


Package hyperref Warning: Suppressing link with empty target on input line 499.


[7]

Package hyperref Warning: Token not allowed in a PDF string (Unicode):
(hyperref)                removing `\<let>-command' on input line 515.


Package hyperref Warning: Token not allowed in a PDF string (Unicode):
(hyperref)                removing `\includegraphics' on input line 515.


Package hyperref Warning: Token not allowed in a PDF string (Unicode):
(hyperref)                removing `\DIFdelincludegraphics' on input line 515.


Package hyperref Warning: Token not allowed in a PDF string (Unicode):
(hyperref)                removing `\<let>-command' on input line 515.


Package hyperref Warning: Token not allowed in a PDF string (Unicode):
(hyperref)                removing `\includegraphics' on input line 515.


Package hyperref Warning: Token not allowed in a PDF string (Unicode):
(hyperref)                removing `\DIFOincludegraphics' on input line 515.


Package hyperref Warning: Token not allowed in a PDF string (Unicode):
(hyperref)                removing `\<let>-command' on input line 515.


Package hyperref Warning: Token not allowed in a PDF string (Unicode):
(hyperref)                removing `\includegraphics' on input line 515.


Package hyperref Warning: Token not allowed in a PDF string (Unicode):
(hyperref)                removing `\DIFaddincludegraphics' on input line 515.


Package hyperref Warning: Token not allowed in a PDF string (Unicode):
(hyperref)                removing `\<let>-command' on input line 515.


Package hyperref Warning: Token not allowed in a PDF string (Unicode):
(hyperref)                removing `\includegraphics' on input line 515.


Package hyperref Warning: Token not allowed in a PDF string (Unicode):
(hyperref)                removing `\DIFOincludegraphics' on input line 515.

<figures/p3d_snap.pdf, id=777, 578.16pt x 433.62pt>
File: figures/p3d_snap.pdf Graphic file (type pdf)
<use figures/p3d_snap.pdf>
Package pdftex.def Info: figures/p3d_snap.pdf  used on input line 520.
(pdftex.def)             Requested size: 243.27026pt x 182.44998pt.
<figures/p1d_snap.pdf, id=778, 578.16pt x 433.62pt>
File: figures/p1d_snap.pdf Graphic file (type pdf)
<use figures/p1d_snap.pdf>
Package pdftex.def Info: figures/p1d_snap.pdf  used on input line 521.
(pdftex.def)             Requested size: 248.39285pt x 186.29416pt.
LaTeX Font Info:    Font shape `T1/ntxtlf/m/n' will be
(Font)              scaled to size 14.4pt on input line 532.
<figures/l1O_P3D.pdf, id=779, 529.01637pt x 620.32062pt>
File: figures/l1O_P3D.pdf Graphic file (type pdf)
<use figures/l1O_P3D.pdf>
Package pdftex.def Info: figures/l1O_P3D.pdf  used on input line 533.
(pdftex.def)             Requested size: 243.27026pt x 285.25629pt.
<figures/l1O_P1D.pdf, id=780, 549.25201pt x 621.32437pt>
File: figures/l1O_P1D.pdf Graphic file (type pdf)
<use figures/l1O_P1D.pdf>
Package pdftex.def Info: figures/l1O_P1D.pdf  used on input line 534.
(pdftex.def)             Requested size: 250.9522pt x 283.87862pt.
<figures/l1O_z_P3D.pdf, id=781, 529.01637pt x 286.43324pt>
File: figures/l1O_z_P3D.pdf Graphic file (type pdf)
<use figures/l1O_z_P3D.pdf>
Package pdftex.def Info: figures/l1O_z_P3D.pdf  used on input line 536.
(pdftex.def)             Requested size: 243.27026pt x 131.71718pt.
<figures/l1O_z_P1D.pdf, id=782, 549.25201pt x 287.437pt>
File: figures/l1O_z_P1D.pdf Graphic file (type pdf)
<use figures/l1O_z_P1D.pdf>
Package pdftex.def Info: figures/l1O_z_P1D.pdf  used on input line 537.
(pdftex.def)             Requested size: 245.83351pt x 128.64807pt.

Underfull \vbox (badness 6641) has occurred while \output is active []



Package hyperref Warning: Suppressing link with empty target on input line 554.


[8 <./figures/network_architecture.png>]
LaTeX Font Info:    Font shape `T1/ntxtlf/m/it' will be
(Font)              scaled to size 7.3pt on input line 564.

Overfull \hbox (2.6916pt too wide) in paragraph at lines 562--576
 [][] 
 []


Package hyperref Warning: Suppressing link with empty target on input line 592.


[9 <./figures/p3d_snap.pdf> <./figures/p1d_snap.pdf>]
<figures/test_cosmo_P3D.pdf, id=915, 529.01637pt x 731.61642pt>
File: figures/test_cosmo_P3D.pdf Graphic file (type pdf)
<use figures/test_cosmo_P3D.pdf>
Package pdftex.def Info: figures/test_cosmo_P3D.pdf  used on input line 598.
(pdftex.def)             Requested size: 243.27026pt x 336.43599pt.
<figures/test_cosmo_P1D.pdf, id=916, 534.79799pt x 732.62018pt>
File: figures/test_cosmo_P1D.pdf Graphic file (type pdf)
<use figures/test_cosmo_P1D.pdf>
Package pdftex.def Info: figures/test_cosmo_P1D.pdf  used on input line 599.
(pdftex.def)             Requested size: 245.83351pt x 336.77461pt.

Underfull \vbox (badness 10000) has occurred while \output is active []



Package hyperref Warning: Token not allowed in a PDF string (Unicode):
(hyperref)                removing `\<let>-command' on input line 607.


Package hyperref Warning: Token not allowed in a PDF string (Unicode):
(hyperref)                removing `\includegraphics' on input line 607.


Package hyperref Warning: Token not allowed in a PDF string (Unicode):
(hyperref)                removing `\DIFdelincludegraphics' on input line 607.


Package hyperref Warning: Token not allowed in a PDF string (Unicode):
(hyperref)                removing `\<let>-command' on input line 607.


Package hyperref Warning: Token not allowed in a PDF string (Unicode):
(hyperref)                removing `\includegraphics' on input line 607.


Package hyperref Warning: Token not allowed in a PDF string (Unicode):
(hyperref)                removing `\DIFOincludegraphics' on input line 607.


Package hyperref Warning: Token not allowed in a PDF string (Unicode):
(hyperref)                removing `\<let>-command' on input line 607.


Package hyperref Warning: Token not allowed in a PDF string (Unicode):
(hyperref)                removing `\includegraphics' on input line 607.


Package hyperref Warning: Token not allowed in a PDF string (Unicode):
(hyperref)                removing `\DIFaddincludegraphics' on input line 607.


Package hyperref Warning: Token not allowed in a PDF string (Unicode):
(hyperref)                removing `\<let>-command' on input line 607.


Package hyperref Warning: Token not allowed in a PDF string (Unicode):
(hyperref)                removing `\includegraphics' on input line 607.


Package hyperref Warning: Token not allowed in a PDF string (Unicode):
(hyperref)                removing `\DIFOincludegraphics' on input line 607.


Underfull \vbox (badness 10000) has occurred while \output is active []



Package hyperref Warning: Suppressing link with empty target on input line 611.


[10 <./figures/l1O_P3D.pdf> <./figures/l1O_P1D.pdf> <./figures/l1O_z_P3D.pdf> <
./figures/l1O_z_P1D.pdf>]
<figures/sensitivity_lbias.pdf, id=1070, 578.16pt x 867.24pt>
File: figures/sensitivity_lbias.pdf Graphic file (type pdf)
<use figures/sensitivity_lbias.pdf>
Package pdftex.def Info: figures/sensitivity_lbias.pdf  used on input line 634.

(pdftex.def)             Requested size: 256.0748pt x 384.10106pt.
<figures/sensitivity_power.pdf, id=1071, 578.16pt x 867.24pt>
File: figures/sensitivity_power.pdf Graphic file (type pdf)
<use figures/sensitivity_power.pdf>
Package pdftex.def Info: figures/sensitivity_power.pdf  used on input line 635.

(pdftex.def)             Requested size: 256.0748pt x 384.10106pt.


LaTeX Warning: Float too large for page by 128.88104pt on input line 640.


Underfull \hbox (badness 6016) in paragraph at lines 643--648
\T1/ntxtlf/m/n/10 Small-scale Lyman-$\OML/ntxmi/m/it/10 $ \T1/ntxtlf/m/n/10 an
al-y-ses use em-u-la-tors to pre-
 []


Underfull \hbox (badness 1178) in paragraph at lines 643--648
\T1/ntxtlf/m/n/10 dict $\OML/ntxmi/m/it/10 P[]$ \T1/ntxtlf/m/n/10 as a func-tio
n of cos-mol-ogy and IGM physics
 []


Overfull \hbox (48.49522pt too wide) in paragraph at lines 643--648
[]|   []
 []


Package natbib Warning: Citation `2024arXiv240403001D' on page 11 undefined on 
input line 652.


Package hyperref Warning: Suppressing link with empty target on input line 655.


[11 <./figures/test_cosmo_P3D.pdf> <./figures/test_cosmo_P1D.pdf>]

Package hyperref Warning: Suppressing link with empty target on input line 655.


[12 <./figures/sensitivity_lbias.pdf> <./figures/sensitivity_power.pdf>]
LaTeX Font Info:    Font shape `T1/ntxtlf/m/it' will be
(Font)              scaled to size 10.0pt on input line 658.

Underfull \hbox (badness 1466) in paragraph at lines 657--659
[]\T1/ntxtlf/m/n/10 To il-lus-trate this ap-pli-ca-tion, we []|   []   [][]|   
[]
 []


Underfull \hbox (badness 3826) in paragraph at lines 657--659
|   []   [][]|   []   |   []   |   []   |   []   |   []   []$\OML/ntxmi/m/it/10
 b[]$ \T1/ntxtlf/m/n/10 and []|   []
 []


Underfull \hbox (badness 10000) in paragraph at lines 667--671
[]|   []   |   []   |   []   |   []   |   []   |   []   |   []
 []


Underfull \hbox (badness 10000) in paragraph at lines 667--671
|   []   |   []   |   []   |   []   |   []
 []


Overfull \hbox (15.01521pt too wide) in paragraph at lines 667--671
|   []
 []


Underfull \vbox (badness 1521) has occurred while \output is active []

<figures/Pcross_central_snap6_kPx_allbin_emupred_first4_withfracerr.pdf, id=131
3, 505.89pt x 650.43pt>
File: figures/Pcross_central_snap6_kPx_allbin_emupred_first4_withfracerr.pdf Gr
aphic file (type pdf)
<use figures/Pcross_central_snap6_kPx_allbin_emupred_first4_withfracerr.pdf>
Package pdftex.def Info: figures/Pcross_central_snap6_kPx_allbin_emupred_first4
_withfracerr.pdf  used on input line 695.
(pdftex.def)             Requested size: 230.46574pt x 296.31332pt.


Package hyperref Warning: Suppressing link with empty target on input line 717.


[13]

Package hyperref Warning: Suppressing link with empty target on input line 746.


[14 <./figures/Pcross_central_snap6_kPx_allbin_emupred_first4_withfracerr.pdf>]
LaTeX Font Info:    Font shape `T1/ntxtlf/m/it' will be
(Font)              scaled to size 8.0pt on input line 752.
LaTeX Font Info:    Font shape `T1/ntxtt/m/n' will be
(Font)              scaled to size 8.0pt on input line 755.
LaTeX Font Info:    Font shape `OT1/ntxtlf/b/n' will be
(Font)              scaled to size 8.0pt on input line 755.
LaTeX Font Info:    Font shape `OT1/ntxtlf/b/n' will be
(Font)              scaled to size 6.2pt on input line 755.
(./diff.bbl
Underfull \hbox (badness 3039) in paragraph at lines 456--459
[]\T1/ntxtlf/m/n/8 Horowitz, B., de Bel-sunce, R., & Lu-kic, Z. 2024, [][][][][
]arXiv e-prints[][][],
 []


Package hyperref Warning: Suppressing link with empty target on input line 757.


[15])

Package hyperref Warning: Suppressing link with empty target on input line 771.


[16

]
<figures/cvariance_z_3.0.pdf, id=1688, 578.16pt x 433.62pt>
File: figures/cvariance_z_3.0.pdf Graphic file (type pdf)
<use figures/cvariance_z_3.0.pdf>
Package pdftex.def Info: figures/cvariance_z_3.0.pdf  used on input line 781.
(pdftex.def)             Requested size: 256.0748pt x 192.05052pt.
<figures/cvar_fit_z_3.0.pdf, id=1689, 578.16pt x 650.43pt>
File: figures/cvar_fit_z_3.0.pdf Graphic file (type pdf)
<use figures/cvar_fit_z_3.0.pdf>
Package pdftex.def Info: figures/cvar_fit_z_3.0.pdf  used on input line 790.
(pdftex.def)             Requested size: 256.0748pt x 288.07578pt.

Underfull \vbox (badness 10000) has occurred while \output is active []



Package hyperref Warning: Suppressing link with empty target on input line 817.


[17

 <./figures/cvariance_z_3.0.pdf> <./figures/cvar_fit_z_3.0.pdf>]
LaTeX Font Info:    Font shape `OT1/ntxtlf/b/n' will be
(Font)              scaled to size 10.95pt on input line 832.
LaTeX Font Info:    Font shape `OT1/ntxtlf/b/n' will be
(Font)              scaled to size 6.1pt on input line 832.


Package hyperref Warning: Token not allowed in a PDF string (Unicode):
(hyperref)                removing `subscript' on input line 832.


Package hyperref Warning: Token not allowed in a PDF string (Unicode):
(hyperref)                removing `subscript' on input line 832.

<figures/PIT_P3D.pdf, id=1804, 402.61792pt x 316.09918pt>
File: figures/PIT_P3D.pdf Graphic file (type pdf)
<use figures/PIT_P3D.pdf>
Package pdftex.def Info: figures/PIT_P3D.pdf  used on input line 837.
(pdftex.def)             Requested size: 256.0748pt x 201.05354pt.

Package hyperref Warning: Suppressing link with empty target on input line 857.


[18 <./figures/PIT_P3D.pdf>] (./diff.aux

Package natbib Warning: Citation `Karim2023' multiply defined.


Package natbib Warning: Citation `Ahumada2020_DR16' multiply defined.


Package natbib Warning: Citation `optuna_2019' multiply defined.


Package natbib Warning: Citation `alcock1979EvolutionFreeTesta' multiply define
d.


Package natbib Warning: Citation `anderson2019CosmologicalHydrodynamicSimulatio
ns' multiply defined.


Package natbib Warning: Citation `Angulo2008' multiply defined.


Package natbib Warning: Citation `angulo2016CosmologicalNbodySimulations' multi
ply defined.


Package natbib Warning: Citation `Ansel_PyTorch_2_Faster_2024' multiply defined
.


Package natbib Warning: Citation `freia' multiply defined.


Package natbib Warning: Citation `arinyo-i-prats2015NonlinearPowerSpectrum' mul
tiply defined.


Package natbib Warning: Citation `bird2017FSFEFakeSpectra' multiply defined.


Package natbib Warning: Citation `Bird2020' multiply defined.


Package natbib Warning: Citation `bird2023PRIYANewSuite' multiply defined.


Package natbib Warning: Citation `emugp_bird2019' multiply defined.


Package natbib Warning: Citation `Boera2019' multiply defined.


Package natbib Warning: Citation `bolton2017SherwoodSimulationSuite' multiply d
efined.


Package natbib Warning: Citation `bolton2008PossibleEvidenceInverted' multiply 
defined.


Package natbib Warning: Citation `busca2013LyaBAODR9' multiply defined.


Package natbib Warning: Citation `cabayol-garcia2023NeuralNetworkEmulator' mult
iply defined.


Package natbib Warning: Citation `hydro_Cen1994' multiply defined.


Package natbib Warning: Citation `chabanier2020ImpactAGNFeedback' multiply defi
ned.


Package natbib Warning: Citation `hydro_Chabanier2023' multiply defined.


Package natbib Warning: Citation `ChenVlah2021' multiply defined.


Package natbib Warning: Citation `emuparam_croft' multiply defined.


Package natbib Warning: Citation `cuceu2023ConstraintsCosmicExpansion' multiply
 defined.


Package natbib Warning: Citation `eboss_dawson2016' multiply defined.


Package natbib Warning: Citation `boss_dawson2013' multiply defined.


Package natbib Warning: Citation `Belsunce2024eBOSS' multiply defined.


Package natbib Warning: Citation `desicollaboration2024DESI2024IV' multiply def
ined.


Package natbib Warning: Citation `DESI_collab2016' multiply defined.


Package natbib Warning: Citation `RealNVP' multiply defined.


Package natbib Warning: Citation `dumasdesbourboux2020CompletedSDSSIVExtended' 
multiply defined.


Package natbib Warning: Citation `feng2018MpGadgetMpGadgetTag' multiply defined
.


Package natbib Warning: Citation `gpemu:P1DFernandez2022' multiply defined.


Package natbib Warning: Citation `fontribera2018HowEstimate3D' multiply defined
.


Package natbib Warning: Citation `foremanmackey13' multiply defined.


Package natbib Warning: Citation `Gaikwad2020' multiply defined.


Package natbib Warning: Citation `Gaikwad2021' multiply defined.


Package natbib Warning: Citation `2023MNRAS.518.2567G' multiply defined.


Package natbib Warning: Citation `givans2022NonlinearitiesLymanAlpha' multiply 
defined.


Package natbib Warning: Citation `GivansHirata2020' multiply defined.


Package natbib Warning: Citation `gnedin1998ProbingUniverseLyalpha' multiply de
fined.


Package natbib Warning: Citation `haardt2012RadiativeTransferClumpya' multiply 
defined.


Package natbib Warning: Citation `Hamilton2000MNRAS.312..257H' multiply defined
.


Package natbib Warning: Citation `hastie01statisticallearning' multiply defined
.


Package natbib Warning: Citation `Horowitz2024' multiply defined.


Package natbib Warning: Citation `NAF' multiply defined.


Package natbib Warning: Citation `hui1999GeometricalTestCosmological' multiply 
defined.


Package natbib Warning: Citation `irsic2017FirstConstraintsFuzzy' multiply defi
ned.


Package natbib Warning: Citation `irsicmcquinn2018' multiply defined.


Package natbib Warning: Citation `irsic2024' multiply defined.


Package natbib Warning: Citation `Ivanov2024' multiply defined.


Package natbib Warning: Citation `NF_Rezende2015' multiply defined.


Package natbib Warning: Citation `kaiser1987ClusteringRealSpace' multiply defin
ed.


Package natbib Warning: Citation `karacayli2024Optimal1DLy' multiply defined.


Package natbib Warning: Citation `karamanis2021hankl' multiply defined.


Package natbib Warning: Citation `Khan2024' multiply defined.


Package natbib Warning: Citation `adam_Diederik2015' multiply defined.


Package natbib Warning: Citation `Kokron2022' multiply defined.


Package natbib Warning: Citation `lee2015IGMConstraintsSDSSIII' multiply define
d.


Package natbib Warning: Citation `lesgourgues2011CosmicLinearAnisotropy' multip
ly defined.


Package natbib Warning: Citation `lewis2000EfficientComputationCosmic' multiply
 defined.


Package natbib Warning: Citation `hydro_Lukic2015' multiply defined.


Package natbib Warning: Citation `mackay1998introduction' multiply defined.


Package natbib Warning: Citation `maion2022fpvariance' multiply defined.


Package natbib Warning: Citation `mcculloch1943logical' multiply defined.


Package natbib Warning: Citation `mcdonald2003MeasurementCosmologicalGeometry' 
multiply defined.


Package natbib Warning: Citation `1999ApJ...518...24M' multiply defined.


Package natbib Warning: Citation `mcdonald2000ObservedProbabilityDistribution' 
multiply defined.


Package natbib Warning: Citation `mcdonald2006LyaForestPowera' multiply defined
.


Package natbib Warning: Citation `mcdonald2005LinearTheoryPower' multiply defin
ed.


Package natbib Warning: Citation `mckay1979ComparisonThreeMethods' multiply def
ined.


Package natbib Warning: Citation `mcquinn2016EvolutionIntergalacticMedium' mult
iply defined.


Package natbib Warning: Citation `hydro_Meiksin2001' multiply defined.


Package natbib Warning: Citation `meiksin2009PhysicsIntergalacticMedium' multip
ly defined.


Package natbib Warning: Citation `hydro_Miralda1996' multiply defined.


Package natbib Warning: Citation `ennemu:P1DMolaro2023' multiply defined.


Package natbib Warning: Citation `onorbe2017SelfconsistentModelingReionization'
 multiply defined.


Package natbib Warning: Citation `palanque-delabrouille2015ConstraintNeutrinoMa
sses' multiply defined.


Package natbib Warning: Citation `palanque-delabrouille2020HintsNeutrinoBounds'
 multiply defined.


Package natbib Warning: Citation `cNF_Papamakarios' multiply defined.


Package natbib Warning: Citation `pedersen2023CompressingCosmologicalInformatio
n' multiply defined.


Package natbib Warning: Citation `Pedersen2021' multiply defined.


Package natbib Warning: Citation `planckcollaboration2020Planck2018Resultsa' mu
ltiply defined.


Package natbib Warning: Citation `pontzen2016InvertedInitialConditions' multipl
y defined.


Package natbib Warning: Citation `Puchwein2023' multiply defined.


Package natbib Warning: Citation `puchwein2019ConsistentModellingMetagalactic' 
multiply defined.


Package natbib Warning: Citation `ramachandra2022MachineLearningSynthetic' mult
iply defined.


Package natbib Warning: Citation `ravoux2023DarkEnergySpectroscopica' multiply 
defined.


Package natbib Warning: Citation `emugp_rogers2021' multiply defined.


Package natbib Warning: Citation `gpemucosmo_rogers' multiply defined.


Package natbib Warning: Citation `emugp_rogers2019' multiply defined.


Package natbib Warning: Citation `sacks1989DesignAnalysisComputer' multiply def
ined.


Package natbib Warning: Citation `seljak2005CosmologicalParameterAnalysis' mult
iply defined.


Package natbib Warning: Citation `2006PhRvL..97s1303S' multiply defined.


Package natbib Warning: Citation `seljak2006CosmologicalParametersCombining' mu
ltiply defined.


Package natbib Warning: Citation `slosar2011LymanaForestThree' multiply defined
.


Package natbib Warning: Citation `slosar2013MeasurementBaryonAcoustica' multipl
y defined.


Package natbib Warning: Citation `spergel2003FirstYearWilkinsonMicrowave' multi
ply defined.


Package natbib Warning: Citation `Gadget_Springel' multiply defined.


Package natbib Warning: Citation `emugp_Takhtaganov2021' multiply defined.


Package natbib Warning: Citation `verde2003FirstYearWilkinsonMicrowave' multipl
y defined.


Package natbib Warning: Citation `2013PhRvD..88d3502V' multiply defined.


Package natbib Warning: Citation `viel2006CosmologicalAstrophysicalParameters' 
multiply defined.


Package natbib Warning: Citation `viel2004ConstraintsPrimordialPower' multiply 
defined.


Package natbib Warning: Citation `fixedpaired_Villaescusa' multiply defined.


Package natbib Warning: Citation `virtanen2020_SciPyFundamentalalgorithms' mult
iply defined.


Package natbib Warning: Citation `hydro_Walther2021' multiply defined.


Package natbib Warning: Citation `emugp_Walther2019' multiply defined.


Package natbib Warning: Citation `Winkler2019' multiply defined.


Package natbib Warning: Citation `zaldarriaga2001ConstraintsLyaForest' multiply
 defined.

) ) 
Here is how much of TeX's memory you used:
 19347 strings out of 480247
 300880 string characters out of 5896151
 770245 words of memory out of 5000000
 36688 multiletter control sequences out of 15000+600000
 660902 words of font info for 306 fonts, out of 8000000 for 9000
 14 hyphenation exceptions out of 8191
 85i,14n,90p,3768b,721s stack positions out of 5000i,500n,10000p,200000b,80000s
{/usr/share/texlive/texmf-dist/fonts/enc/dvips/newtx/ntx-ec-tlf.enc}{/usr/sh
are/texlive/texmf-dist/fonts/enc/dvips/newtx/ntx-ot1-tlf.enc}{/usr/share/texmf/
fonts/enc/dvips/tex-gyre/q-ec.enc}{/usr/share/texlive/texmf-dist/fonts/enc/dvip
s/newtx/ntxsups_t1.enc}{/usr/share/texlive/texmf-dist/fonts/enc/dvips/newtx/ntx
-ec-tlf-pc.enc}{/usr/share/texmf/fonts/enc/dvips/tex-gyre/q-ts1.enc}{/usr/share
/texlive/texmf-dist/fonts/enc/dvips/newtx/ntx-ecth-tlf.enc}</usr/share/texlive/
texmf-dist/fonts/type1/public/newtx/NewTXBMI.pfb></usr/share/texlive/texmf-dist
/fonts/type1/public/newtx/NewTXBMI7.pfb></usr/share/texlive/texmf-dist/fonts/ty
pe1/public/newtx/NewTXMI.pfb></usr/share/texlive/texmf-dist/fonts/type1/public/
newtx/NewTXMI5.pfb></usr/share/texlive/texmf-dist/fonts/type1/public/newtx/NewT
XMI7.pfb></usr/share/texlive/texmf-dist/fonts/type1/public/amsfonts/euler/eurm1
0.pfb></usr/share/texlive/texmf-dist/fonts/type1/public/amsfonts/latxfont/lasy6
.pfb></usr/share/texlive/texmf-dist/fonts/type1/public/newtx/ntxsups-Regular.pf
b></usr/share/texmf/fonts/type1/public/tex-gyre/qhvb.pfb></usr/share/texmf/font
s/type1/public/tex-gyre/qhvr.pfb></usr/share/texmf/fonts/type1/public/tex-gyre/
qhvri.pfb></usr/share/texmf/fonts/type1/public/tex-gyre/qtmr.pfb></usr/share/te
xlive/texmf-dist/fonts/type1/public/txfonts/t1xtt.pfb></usr/share/texlive/texmf
-dist/fonts/type1/public/newtx/txexs.pfb></usr/share/texlive/texmf-dist/fonts/t
ype1/public/newtx/txmiaX.pfb></usr/share/texlive/texmf-dist/fonts/type1/public/
newtx/txsys.pfb></usr/share/texlive/texmf-dist/fonts/type1/public/newtx/ztmb.pf
b></usr/share/texlive/texmf-dist/fonts/type1/public/newtx/ztmr.pfb></usr/share/
texlive/texmf-dist/fonts/type1/public/newtx/ztmri.pfb>
Output written on diff.pdf (18 pages, 868892 bytes).
PDF statistics:
 1984 PDF objects out of 2073 (max. 8388607)
 1361 compressed objects within 14 object streams
 188 named destinations out of 1000 (max. 500000)
 262 words of extra memory for PDF output out of 10000 (max. 10000000)

